2020-03-13 16:34:01 240 [http-nio-9999-exec-2] INFO  LogDemoController:34 - >>> requestHeader upgrade-insecure-requests: 1
2020-03-13 16:34:01 242 [http-nio-9999-exec-2] INFO  LogDemoController:34 - >>> requestHeader user-agent: Mozilla/5.0 (Windows NT 10.0; Win64; x64) AppleWebKit/537.36 (KHTML, like Gecko) Chrome/79.0.3945.130 Safari/537.36 OPR/66.0.3515.103
2020-03-13 16:34:01 243 [http-nio-9999-exec-2] INFO  LogDemoController:34 - >>> requestHeader sec-fetch-user: ?1
2020-03-13 16:34:01 243 [http-nio-9999-exec-2] INFO  LogDemoController:34 - >>> requestHeader accept: text/html,application/xhtml+xml,application/xml;q=0.9,image/webp,image/apng,*/*;q=0.8,application/signed-exchange;v=b3;q=0.9
2020-03-13 16:34:01 243 [http-nio-9999-exec-2] INFO  LogDemoController:34 - >>> requestHeader sec-fetch-site: none
2020-03-13 16:34:01 243 [http-nio-9999-exec-2] INFO  LogDemoController:34 - >>> requestHeader sec-fetch-mode: navigate
2020-03-13 16:34:01 243 [http-nio-9999-exec-2] INFO  LogDemoController:34 - >>> requestHeader accept-encoding: gzip, deflate, br
2020-03-13 16:34:01 243 [http-nio-9999-exec-2] INFO  LogDemoController:34 - >>> requestHeader accept-language: zh-CN,zh;q=0.9,en-US;q=0.8,en;q=0.7
2020-03-13 16:34:01 243 [http-nio-9999-exec-2] INFO  LogDemoController:34 - >>> requestHeader cookie: SESSION=NTZkOTY2ZjUtMDljNy00MmIyLWI4ZTctNjFkOGQ1MDAxZTZm; goSessionid=k4BWj2lHBBHiDWyG-5uWo21ayf4wUL7M5JNOaocrNY8%3D; JSESSIONID=E27128B669BC5BCE0671504EF3354AE7
2020-03-13 16:34:01 244 [http-nio-9999-exec-2] INFO  LogDemoController:41 - >>> cookie, SESSION: NTZkOTY2ZjUtMDljNy00MmIyLWI4ZTctNjFkOGQ1MDAxZTZm
2020-03-13 16:34:01 244 [http-nio-9999-exec-2] INFO  LogDemoController:41 - >>> cookie, goSessionid: k4BWj2lHBBHiDWyG-5uWo21ayf4wUL7M5JNOaocrNY8%3D
2020-03-13 16:34:01 244 [http-nio-9999-exec-2] INFO  LogDemoController:41 - >>> cookie, JSESSIONID: E27128B669BC5BCE0671504EF3354AE7
2020-03-13 16:34:01 244 [http-nio-9999-exec-2] INFO  LogDemoController:47 - >>> httpSession id: E27128B669BC5BCE0671504EF3354AE7
2020-03-13 16:34:01 373 [http-nio-9999-exec-4] INFO  LogDemoController:28 - >>> content:null
2020-03-13 16:34:01 374 [http-nio-9999-exec-4] INFO  LogDemoController:19 - >>> request URL: http://localhost:9999/log/print
2020-03-13 16:34:01 374 [http-nio-9999-exec-4] INFO  LogDemoController:20 - >>> request URI: /log/print
2020-03-13 16:34:01 374 [http-nio-9999-exec-4] INFO  LogDemoController:21 - >>> request remote address: 0:0:0:0:0:0:0:1
2020-03-13 16:34:01 374 [http-nio-9999-exec-4] INFO  LogDemoController:22 - >>> request remote host: 0:0:0:0:0:0:0:1
2020-03-13 16:34:01 374 [http-nio-9999-exec-4] INFO  LogDemoController:23 - >>> request remote port: 63787
2020-03-13 16:34:01 374 [http-nio-9999-exec-4] INFO  LogDemoController:24 - >>> request local port: 9999
2020-03-13 16:34:01 374 [http-nio-9999-exec-4] INFO  LogDemoController:25 - >>> request server port: 9999
2020-03-13 16:34:01 374 [http-nio-9999-exec-4] INFO  LogDemoController:26 - >>> request method: GET
2020-03-13 16:34:01 374 [http-nio-9999-exec-4] INFO  LogDemoController:27 - >>> request parameter map: {}
2020-03-13 16:34:01 374 [http-nio-9999-exec-4] INFO  LogDemoController:28 - >>> request context path: 
2020-03-13 16:34:01 374 [http-nio-9999-exec-4] INFO  LogDemoController:34 - >>> requestHeader host: localhost:9999
2020-03-13 16:34:01 374 [http-nio-9999-exec-4] INFO  LogDemoController:34 - >>> requestHeader connection: keep-alive
2020-03-13 16:34:01 374 [http-nio-9999-exec-4] INFO  LogDemoController:34 - >>> requestHeader cache-control: max-age=0
2020-03-13 16:34:01 375 [http-nio-9999-exec-4] INFO  LogDemoController:34 - >>> requestHeader upgrade-insecure-requests: 1
2020-03-13 16:34:01 375 [http-nio-9999-exec-4] INFO  LogDemoController:34 - >>> requestHeader user-agent: Mozilla/5.0 (Windows NT 10.0; Win64; x64) AppleWebKit/537.36 (KHTML, like Gecko) Chrome/79.0.3945.130 Safari/537.36 OPR/66.0.3515.103
2020-03-13 16:34:01 375 [http-nio-9999-exec-4] INFO  LogDemoController:34 - >>> requestHeader sec-fetch-user: ?1
2020-03-13 16:34:01 375 [http-nio-9999-exec-4] INFO  LogDemoController:34 - >>> requestHeader accept: text/html,application/xhtml+xml,application/xml;q=0.9,image/webp,image/apng,*/*;q=0.8,application/signed-exchange;v=b3;q=0.9
2020-03-13 16:34:01 375 [http-nio-9999-exec-4] INFO  LogDemoController:34 - >>> requestHeader sec-fetch-site: none
2020-03-13 16:34:01 375 [http-nio-9999-exec-4] INFO  LogDemoController:34 - >>> requestHeader sec-fetch-mode: navigate
2020-03-13 16:34:01 375 [http-nio-9999-exec-4] INFO  LogDemoController:34 - >>> requestHeader accept-encoding: gzip, deflate, br
2020-03-13 16:34:01 375 [http-nio-9999-exec-4] INFO  LogDemoController:34 - >>> requestHeader accept-language: zh-CN,zh;q=0.9,en-US;q=0.8,en;q=0.7
2020-03-13 16:34:01 375 [http-nio-9999-exec-4] INFO  LogDemoController:34 - >>> requestHeader cookie: SESSION=NTZkOTY2ZjUtMDljNy00MmIyLWI4ZTctNjFkOGQ1MDAxZTZm; goSessionid=k4BWj2lHBBHiDWyG-5uWo21ayf4wUL7M5JNOaocrNY8%3D; JSESSIONID=E27128B669BC5BCE0671504EF3354AE7
2020-03-13 16:34:01 375 [http-nio-9999-exec-4] INFO  LogDemoController:41 - >>> cookie, SESSION: NTZkOTY2ZjUtMDljNy00MmIyLWI4ZTctNjFkOGQ1MDAxZTZm
2020-03-13 16:34:01 375 [http-nio-9999-exec-4] INFO  LogDemoController:41 - >>> cookie, goSessionid: k4BWj2lHBBHiDWyG-5uWo21ayf4wUL7M5JNOaocrNY8%3D
2020-03-13 16:34:01 375 [http-nio-9999-exec-4] INFO  LogDemoController:41 - >>> cookie, JSESSIONID: E27128B669BC5BCE0671504EF3354AE7
2020-03-13 16:34:01 376 [http-nio-9999-exec-4] INFO  LogDemoController:47 - >>> httpSession id: E27128B669BC5BCE0671504EF3354AE7
