2020-05-27 14:59:05 778 [main] INFO  ToolApplication:55 - Starting ToolApplication on DESKTOP-QA9ODS5 with PID 18056 (D:\kunbu\tool\target\classes started by mojun in D:\kunbu\tool)
2020-05-27 14:59:05 792 [main] INFO  ToolApplication:651 - No active profile set, falling back to default profiles: default
2020-05-27 14:59:06 476 [main] INFO  RepositoryConfigurationDelegate:246 - Multiple Spring Data modules found, entering strict repository configuration mode!
2020-05-27 14:59:06 479 [main] INFO  RepositoryConfigurationDelegate:126 - Bootstrapping Spring Data repositories in DEFAULT mode.
2020-05-27 14:59:06 505 [main] INFO  RepositoryConfigurationDelegate:184 - Finished Spring Data repository scanning in 21ms. Found 0 repository interfaces.
2020-05-27 14:59:06 518 [main] INFO  RepositoryConfigurationDelegate:246 - Multiple Spring Data modules found, entering strict repository configuration mode!
2020-05-27 14:59:06 519 [main] INFO  RepositoryConfigurationDelegate:126 - Bootstrapping Spring Data repositories in DEFAULT mode.
2020-05-27 14:59:06 537 [main] INFO  RepositoryConfigurationDelegate:184 - Finished Spring Data repository scanning in 8ms. Found 0 repository interfaces.
2020-05-27 14:59:07 372 [main] INFO  TomcatWebServer:92 - Tomcat initialized with port(s): 9999 (http)
2020-05-27 14:59:07 397 [main] INFO  Http11NioProtocol:173 - Initializing ProtocolHandler ["http-nio-9999"]
2020-05-27 14:59:07 399 [main] INFO  StandardService:173 - Starting service [Tomcat]
2020-05-27 14:59:07 400 [main] INFO  StandardEngine:173 - Starting Servlet engine: [Apache Tomcat/9.0.27]
2020-05-27 14:59:07 628 [main] INFO  [/]:173 - Initializing Spring embedded WebApplicationContext
2020-05-27 14:59:07 629 [main] INFO  ContextLoader:284 - Root WebApplicationContext: initialization completed in 1793 ms
2020-05-27 14:59:08 624 [main] INFO  cluster:71 - Cluster created with settings {hosts=[localhost:27017], mode=SINGLE, requiredClusterType=UNKNOWN, serverSelectionTimeout='30000 ms', maxWaitQueueSize=500}
2020-05-27 14:59:08 695 [cluster-ClusterId{value='5ece0fbcf5a72751f1f2fff1', description='null'}-localhost:27017] INFO  connection:71 - Opened connection [connectionId{localValue:1, serverValue:13}] to localhost:27017
2020-05-27 14:59:08 699 [cluster-ClusterId{value='5ece0fbcf5a72751f1f2fff1', description='null'}-localhost:27017] INFO  cluster:71 - Monitor thread successfully connected to server with description ServerDescription{address=localhost:27017, type=STANDALONE, state=CONNECTED, ok=true, version=ServerVersion{versionList=[3, 6, 12]}, minWireVersion=0, maxWireVersion=6, maxDocumentSize=16777216, logicalSessionTimeoutMinutes=30, roundTripTimeNanos=2760100}
2020-05-27 14:59:08 724 [main] WARN  CustomConversions:207 - Registering converter from class java.time.LocalDateTime to class java.time.Instant as reading converter although it doesn't convert from a store-supported type! You might wanna check you annotation setup at the converter implementation.
2020-05-27 14:59:08 725 [main] WARN  CustomConversions:207 - Registering converter from class java.time.Instant to class java.time.LocalDateTime as reading converter although it doesn't convert from a store-supported type! You might wanna check you annotation setup at the converter implementation.
2020-05-27 14:59:08 792 [main] WARN  CustomConversions:207 - Registering converter from class java.time.LocalDateTime to class java.time.Instant as reading converter although it doesn't convert from a store-supported type! You might wanna check you annotation setup at the converter implementation.
2020-05-27 14:59:08 792 [main] WARN  CustomConversions:207 - Registering converter from class java.time.Instant to class java.time.LocalDateTime as reading converter although it doesn't convert from a store-supported type! You might wanna check you annotation setup at the converter implementation.
2020-05-27 14:59:08 819 [main] WARN  MongoPersistentEntityIndexCreator:72 - Automatic index creation will be disabled by default as of Spring Data MongoDB 3.x.
	Please use 'MongoMappingContext#setAutoIndexCreation(boolean)' or override 'MongoConfigurationSupport#autoIndexCreation()' to be explicit.
	However, we recommend setting up indices manually in an application ready block. You may use index derivation there as well.

	> -----------------------------------------------------------------------------------------
	> @EventListener(ApplicationReadyEvent.class)
	> public void initIndicesAfterStartup() {
	>
	>     IndexOperations indexOps = mongoTemplate.indexOps(DomainType.class);
	>
	>     IndexResolver resolver = new MongoPersistentEntityIndexResolver(mongoMappingContext);
	>     resolver.resolveIndexFor(DomainType.class).forEach(indexOps::ensureIndex);
	> }
	> -----------------------------------------------------------------------------------------

2020-05-27 14:59:08 856 [main] INFO  connection:71 - Opened connection [connectionId{localValue:2, serverValue:14}] to localhost:27017
2020-05-27 14:59:09 057 [main] INFO  ThreadPoolTaskExecutor:171 - Initializing ExecutorService 'applicationTaskExecutor'
2020-05-27 14:59:09 247 [main] INFO  Http11NioProtocol:173 - Starting ProtocolHandler ["http-nio-9999"]
2020-05-27 14:59:09 265 [main] INFO  TomcatWebServer:204 - Tomcat started on port(s): 9999 (http) with context path ''
2020-05-27 14:59:09 267 [main] INFO  ToolApplication:61 - Started ToolApplication in 3.867 seconds (JVM running for 6.016)
2020-05-27 14:59:31 370 [http-nio-9999-exec-1] INFO  [/]:173 - Initializing Spring DispatcherServlet 'dispatcherServlet'
2020-05-27 14:59:31 371 [http-nio-9999-exec-1] INFO  DispatcherServlet:525 - Initializing Servlet 'dispatcherServlet'
2020-05-27 14:59:31 377 [http-nio-9999-exec-1] INFO  DispatcherServlet:547 - Completed initialization in 6 ms
